<?xml version="1.0" encoding="UTF-8"?>
<!-- Generated by org.testng.reporters.JUnitReportReporter -->
<testsuite hostname="Admin-PC" failures="0" tests="1" name="Javapractise.ReverseString" time="0.024" errors="0" timestamp="2019-10-22T03:34:50 EDT" skipped="0">
  <testcase classname="Javapractise.ReverseString" name="getmethod" time="0.024"/>
</testsuite> <!-- Javapractise.ReverseString -->
