<?xml version="1.0" encoding="UTF-8"?>
<!-- Generated by org.testng.reporters.JUnitReportReporter -->
<testsuite hostname="Admin-PC" failures="0" tests="1" name="framework.Reports" time="26.425" errors="0" timestamp="2019-10-24T03:25:47 EDT" skipped="0">
  <testcase classname="framework.Reports" name="launchapplkication" time="26.425"/>
</testsuite> <!-- framework.Reports -->
