<?xml version="1.0" encoding="UTF-8"?>
<!-- Generated by org.testng.reporters.JUnitReportReporter -->
<testsuite hostname="Admin-PC" failures="0" tests="1" name="framework.login" time="11.695" errors="0" timestamp="14 Oct 2019 13:41:46 GMT" skipped="0">
  <testcase classname="framework.login" name="login" time="11.695"/>
</testsuite> <!-- framework.login -->
