<?xml version="1.0" encoding="UTF-8"?>
<!-- Generated by org.testng.reporters.JUnitReportReporter -->
<testsuite hostname="Admin-PC" failures="0" tests="1" name="Javapractise.xml2" time="34.911" errors="0" timestamp="2019-10-24T03:15:08 EDT" skipped="0">
  <testcase classname="Javapractise.xml2" name="getMethod" time="34.911"/>
</testsuite> <!-- Javapractise.xml2 -->
